<?xml version="1.0" encoding="UTF-8"?>
<!-- Generated by org.testng.reporters.JUnitReportReporter -->
<testsuite hostname="DESKTOP-C6O30QB" failures="0" tests="2" name="mobileappapitestapi.customersignuploginverfication" time="2.463" errors="0" timestamp="2024-01-16T17:39:57 IST" skipped="1">
  <testcase classname="mobileappapitestapi.customersignuploginverfication" name="customersignup" time="2.463"/>
  <testcase classname="mobileappapitestapi.customersignuploginverfication" name="customer_phoneverification">
    <skipped/>
  </testcase> <!-- customer_phoneverification -->
</testsuite> <!-- mobileappapitestapi.customersignuploginverfication -->
